
> api@1.0.0 build B:\Projects\personal website\sync-automations\apps\api
> next build

(node:2208) [MODULE_TYPELESS_PACKAGE_JSON] Warning: Module type of file:///B:/Projects/personal%20website/sync-automations/apps/api/next.config.js is not specified and it doesn't parse as CommonJS.
Reparsing as ES module because module syntax was detected. This incurs a performance overhead.
To eliminate this warning, add "type": "module" to B:\Projects\personal website\sync-automations\apps\api\package.json.
(Use `node --trace-warnings ...` to show where the warning was created)
▲ Next.js 16.1.6 (Turbopack)

⚠ The "middleware" file convention is deprecated. Please use "proxy" instead. Learn more: https://nextjs.org/docs/messages/middleware-to-proxy
  Creating an optimized production build ...
(node:2208) [MODULE_TYPELESS_PACKAGE_JSON] Warning: Module type of file:///B:/Projects/personal%20website/sync-automations/apps/api/next.config.js is not specified and it doesn't parse as CommonJS.
Reparsing as ES module because module syntax was detected. This incurs a performance overhead.
To eliminate this warning, add "type": "module" to B:\Projects\personal website\sync-automations\apps\api\package.json.
(Use `node --trace-warnings ...` to show where the warning was created)
✓ Compiled successfully in 9.7s
  Running TypeScript ...
  Collecting page data using 11 workers ...
  Generating static pages using 11 workers (0/5) ...
  Generating static pages using 11 workers (1/5) 
  Generating static pages using 11 workers (2/5) 
  Generating static pages using 11 workers (3/5) 
✓ Generating static pages using 11 workers (5/5) in 2.2s
  Finalizing page optimization ...

Route (app)
┌ ○ /_not-found
├ ƒ /api/contact
├ ƒ /api/health
└ ƒ /api/leads


ƒ Proxy (Middleware)

○  (Static)   prerendered as static content
ƒ  (Dynamic)  server-rendered on demand

